-------------------------------------------------------------------------------
Test set: com.maduc.salsa20.Salsa20ApplicationTests
-------------------------------------------------------------------------------
Tests run: 1, Failures: 0, Errors: 1, Skipped: 0, Time elapsed: 0.422 s <<< FAILURE! - in com.maduc.salsa20.Salsa20ApplicationTests
com.maduc.salsa20.Salsa20ApplicationTests  Time elapsed: 0.421 s  <<< ERROR!
java.lang.IllegalStateException: Unable to find a @SpringBootConfiguration, you need to use @ContextConfiguration or @SpringBootTest(classes=...) with your test

