<?xml version="1.0" encoding="UTF-8"?>
<testsuite xmlns:xsi="http://www.w3.org/2001/XMLSchema-instance" xsi:noNamespaceSchemaLocation="https://maven.apache.org/surefire/maven-surefire-plugin/xsd/surefire-test-report.xsd" name="com.maduc.salsa20.Salsa20ApplicationTests" time="0.422" tests="1" errors="1" skipped="0" failures="0">
  <properties>
[...]
</properties>
  <testcase name="com.maduc.salsa20.Salsa20ApplicationTests" classname="com.maduc.salsa20.Salsa20ApplicationTests" time="0.421">
    <error message="Unable to find a @SpringBootConfiguration, you need to use @ContextConfiguration or @SpringBootTest(classes=...) with your test" type="java.lang.IllegalStateException">java.lang.IllegalStateException: Unable to find a @SpringBootConfiguration, you need to use @ContextConfiguration or @SpringBootTest(classes=...) with your test
</error>
    <system-out><![CDATA[15:58:08.606 [main] DEBUG org.springframework.test.context.BootstrapUtils - Instantiating CacheAwareContextLoaderDelegate from class [org.springframework.test.context.cache.DefaultCacheAwareContextLoaderDelegate]
15:58:08.635 [main] DEBUG org.springframework.test.context.BootstrapUtils - Instantiating BootstrapContext using constructor [public org.springframework.test.context.support.DefaultBootstrapContext(java.lang.Class,org.springframework.test.context.CacheAwareContextLoaderDelegate)]
15:58:08.717 [main] DEBUG org.springframework.test.context.BootstrapUtils - Instantiating TestContextBootstrapper for test class [com.maduc.salsa20.Salsa20ApplicationTests] from class [org.springframework.boot.test.context.SpringBootTestContextBootstrapper]
15:58:08.734 [main] INFO org.springframework.boot.test.context.SpringBootTestContextBootstrapper - Neither @ContextConfiguration nor @ContextHierarchy found for test class [com.maduc.salsa20.Salsa20ApplicationTests], using SpringBootContextLoader
15:58:08.741 [main] DEBUG org.springframework.test.context.support.AbstractContextLoader - Did not detect default resource location for test class [com.maduc.salsa20.Salsa20ApplicationTests]: class path resource [com/maduc/salsa20/Salsa20ApplicationTests-context.xml] does not exist
15:58:08.741 [main] DEBUG org.springframework.test.context.support.AbstractContextLoader - Did not detect default resource location for test class [com.maduc.salsa20.Salsa20ApplicationTests]: class path resource [com/maduc/salsa20/Salsa20ApplicationTestsContext.groovy] does not exist
15:58:08.742 [main] INFO org.springframework.test.context.support.AbstractContextLoader - Could not detect default resource locations for test class [com.maduc.salsa20.Salsa20ApplicationTests]: no resource found for suffixes {-context.xml, Context.groovy}.
15:58:08.744 [main] INFO org.springframework.test.context.support.AnnotationConfigContextLoaderUtils - Could not detect default configuration classes for test class [com.maduc.salsa20.Salsa20ApplicationTests]: Salsa20ApplicationTests does not declare any static, non-private, non-final, nested classes annotated with @Configuration.
15:58:08.814 [main] DEBUG org.springframework.test.context.support.ActiveProfilesUtils - Could not find an 'annotation declaring class' for annotation type [org.springframework.test.context.ActiveProfiles] and class [com.maduc.salsa20.Salsa20ApplicationTests]
]]></system-out>
  </testcase>
</testsuite>